<?xml version="1.0" encoding="UTF-8"?>
<!-- Generated by org.testng.reporters.JUnitXMLReporter -->
<testsuite ignored="0" hostname="Nilesh-Bhavsar-25" failures="1" tests="1" name="Test1" time="0.082" errors="0" timestamp="2022-04-18T09:06:32 IST">
  <testcase classname="demo.TestNGParametersDemo" name="test" time="0.0">
    <failure type="org.testng.TestNGException" message="
Parameter &amp;apos;myName&amp;apos; is required by @Test on method test but has not been marked @Optional or defined
in D:\Code\Automation Testing\TestNG_Automation\SeleniumLearningFramework\testng5.xml">
      <![CDATA[org.testng.TestNGException: 
Parameter 'myName' is required by @Test on method test but has not been marked @Optional or defined
in D:\Code\Automation Testing\TestNG_Automation\SeleniumLearningFramework\testng5.xml
at java.base/java.util.ArrayList.forEach(ArrayList.java:1511)
... Removed 26 stack frames]]>
    </failure>
  </testcase> <!-- test -->
</testsuite> <!-- Test1 -->
